d:\物流系统\----\物流系统\src\cppdll\cppdll\x64\debug\cppdll.pch
d:\物流系统\----\物流系统\src\cppdll\cppdll\x64\debug\vc143.pdb
d:\物流系统\----\物流系统\src\cppdll\cppdll\x64\debug\vc143.idb
d:\物流系统\----\物流系统\src\cppdll\cppdll\x64\debug\pch.obj
d:\物流系统\----\物流系统\src\cppdll\cppdll\x64\debug\dllmain.obj
d:\物流系统\----\物流系统\src\cppdll\x64\debug\cppdll.lib
d:\物流系统\----\物流系统\src\cppdll\x64\debug\cppdll.exp
d:\物流系统\----\物流系统\src\cppdll\cppdll\x64\debug\cppdll.ilk
d:\物流系统\----\物流系统\src\cppdll\cppdll\x64\debug\cppdll.tlog\cl.command.1.tlog
d:\物流系统\----\物流系统\src\cppdll\cppdll\x64\debug\cppdll.tlog\cl.items.tlog
d:\物流系统\----\物流系统\src\cppdll\cppdll\x64\debug\cppdll.tlog\cl.read.1.tlog
d:\物流系统\----\物流系统\src\cppdll\cppdll\x64\debug\cppdll.tlog\cl.write.1.tlog
d:\物流系统\----\物流系统\src\cppdll\cppdll\x64\debug\cppdll.tlog\link-cvtres.read.1.tlog
d:\物流系统\----\物流系统\src\cppdll\cppdll\x64\debug\cppdll.tlog\link-cvtres.write.1.tlog
d:\物流系统\----\物流系统\src\cppdll\cppdll\x64\debug\cppdll.tlog\link-rc.read.1.tlog
d:\物流系统\----\物流系统\src\cppdll\cppdll\x64\debug\cppdll.tlog\link-rc.write.1.tlog
d:\物流系统\----\物流系统\src\cppdll\cppdll\x64\debug\cppdll.tlog\link.command.1.tlog
d:\物流系统\----\物流系统\src\cppdll\cppdll\x64\debug\cppdll.tlog\link.read.1.tlog
d:\物流系统\----\物流系统\src\cppdll\cppdll\x64\debug\cppdll.tlog\link.read.2.tlog
d:\物流系统\----\物流系统\src\cppdll\cppdll\x64\debug\cppdll.tlog\link.read.3.tlog
d:\物流系统\----\物流系统\src\cppdll\cppdll\x64\debug\cppdll.tlog\link.read.5.tlog
d:\物流系统\----\物流系统\src\cppdll\cppdll\x64\debug\cppdll.tlog\link.secondary.1.tlog
d:\物流系统\----\物流系统\src\cppdll\cppdll\x64\debug\cppdll.tlog\link.write.1.tlog
